0 info it worked if it ends with ok
1 verbose cli [ '/Users/jonathandeng/.nvm/versions/node/v5.12.0/bin/node',
1 verbose cli   '/Users/jonathandeng/.nvm/versions/node/v5.12.0/bin/npm',
1 verbose cli   'run',
1 verbose cli   'test' ]
2 info using npm@3.10.8
3 info using node@v5.12.0
4 verbose run-script [ 'pretest', 'test', 'posttest' ]
5 info lifecycle voting-server@1.0.0~pretest: voting-server@1.0.0
6 silly lifecycle voting-server@1.0.0~pretest: no script for pretest, continuing
7 info lifecycle voting-server@1.0.0~test: voting-server@1.0.0
8 verbose lifecycle voting-server@1.0.0~test: unsafe-perm in lifecycle true
9 verbose lifecycle voting-server@1.0.0~test: PATH: /Users/jonathandeng/.nvm/versions/node/v5.12.0/lib/node_modules/npm/bin/node-gyp-bin:/Users/jonathandeng/GoogleDrive/Programming/voting-server/node_modules/.bin:/Users/jonathandeng/.nvm/versions/node/v5.12.0/bin:/Users/jonathandeng/anaconda/bin:/usr/local/bin:/usr/bin:/bin:/usr/sbin:/sbin:/Users/jonathandeng/GoogleDrive/Programming:/Users/jonathandeng/bin
10 verbose lifecycle voting-server@1.0.0~test: CWD: /Users/jonathandeng/GoogleDrive/Programming/voting-server
11 silly lifecycle voting-server@1.0.0~test: Args: [ '-c',
11 silly lifecycle   'node_modules/mocha/bin/mocha --compilers js:babel-core/register --require ./test/test_helper.js --recursive' ]
12 silly lifecycle voting-server@1.0.0~test: Returned: code: 2  signal: null
13 info lifecycle voting-server@1.0.0~test: Failed to exec test script
14 verbose stack Error: voting-server@1.0.0 test: `node_modules/mocha/bin/mocha --compilers js:babel-core/register --require ./test/test_helper.js --recursive`
14 verbose stack Exit status 2
14 verbose stack     at EventEmitter.<anonymous> (/Users/jonathandeng/.nvm/versions/node/v5.12.0/lib/node_modules/npm/lib/utils/lifecycle.js:255:16)
14 verbose stack     at emitTwo (events.js:100:13)
14 verbose stack     at EventEmitter.emit (events.js:185:7)
14 verbose stack     at ChildProcess.<anonymous> (/Users/jonathandeng/.nvm/versions/node/v5.12.0/lib/node_modules/npm/lib/utils/spawn.js:40:14)
14 verbose stack     at emitTwo (events.js:100:13)
14 verbose stack     at ChildProcess.emit (events.js:185:7)
14 verbose stack     at maybeClose (internal/child_process.js:850:16)
14 verbose stack     at Process.ChildProcess._handle.onexit (internal/child_process.js:215:5)
15 verbose pkgid voting-server@1.0.0
16 verbose cwd /Users/jonathandeng/GoogleDrive/Programming/voting-server
17 error Darwin 16.0.0
18 error argv "/Users/jonathandeng/.nvm/versions/node/v5.12.0/bin/node" "/Users/jonathandeng/.nvm/versions/node/v5.12.0/bin/npm" "run" "test"
19 error node v5.12.0
20 error npm  v3.10.8
21 error code ELIFECYCLE
22 error voting-server@1.0.0 test: `node_modules/mocha/bin/mocha --compilers js:babel-core/register --require ./test/test_helper.js --recursive`
22 error Exit status 2
23 error Failed at the voting-server@1.0.0 test script 'node_modules/mocha/bin/mocha --compilers js:babel-core/register --require ./test/test_helper.js --recursive'.
23 error Make sure you have the latest version of node.js and npm installed.
23 error If you do, this is most likely a problem with the voting-server package,
23 error not with npm itself.
23 error Tell the author that this fails on your system:
23 error     node_modules/mocha/bin/mocha --compilers js:babel-core/register --require ./test/test_helper.js --recursive
23 error You can get information on how to open an issue for this project with:
23 error     npm bugs voting-server
23 error Or if that isn't available, you can get their info via:
23 error     npm owner ls voting-server
23 error There is likely additional logging output above.
24 verbose exit [ 1, true ]
